[0m14:06:43.208297 [debug] [MainThread]: Sending event: {'category': 'dbt', 'action': 'invocation', 'label': 'start', 'context': [<snowplow_tracker.self_describing_json.SelfDescribingJson object at 0x772f9596a750>, <snowplow_tracker.self_describing_json.SelfDescribingJson object at 0x772f95968f50>, <snowplow_tracker.self_describing_json.SelfDescribingJson object at 0x772f9596be50>]}


============================== 14:06:43.210667 | bdcdd466-a189-44b0-836b-3aa8d91e0542 ==============================
[0m14:06:43.210667 [info ] [MainThread]: Running with dbt=1.7.19
[0m14:06:43.211012 [debug] [MainThread]: running dbt with arguments {'printer_width': '80', 'indirect_selection': 'eager', 'log_cache_events': 'False', 'write_json': 'True', 'partial_parse': 'True', 'cache_selected_only': 'False', 'profiles_dir': '/home/kenza/.dbt', 'version_check': 'True', 'warn_error': 'None', 'log_path': 'logs', 'fail_fast': 'False', 'debug': 'False', 'use_colors': 'True', 'use_experimental_parser': 'False', 'no_print': 'None', 'quiet': 'False', 'log_format': 'default', 'invocation_command': 'dbt init airbnb_project', 'warn_error_options': 'WarnErrorOptions(include=[], exclude=[])', 'static_parser': 'True', 'target_path': 'None', 'introspect': 'True', 'send_anonymous_usage_stats': 'True'}
[0m14:06:43.211598 [debug] [MainThread]: Starter project path: /home/kenza/Documents/airbnb_dbt_project/env-dbt/lib/python3.11/site-packages/dbt/include/starter_project
[0m14:06:43.213536 [info ] [MainThread]: 
Your new dbt project "airbnb_project" was created!

For more information on how to configure the profiles.yml file,
please consult the dbt documentation here:

  https://docs.getdbt.com/docs/configure-your-profile

One more thing:

Need help? Don't hesitate to reach out to us via GitHub issues or on Slack:

  https://community.getdbt.com/

Happy modeling!

[0m14:06:43.213816 [info ] [MainThread]: Setting up your profile.
[0m14:11:01.103454 [info ] [MainThread]: Profile airbnb_project written to /home/kenza/.dbt/profiles.yml using target's profile_template.yml and your supplied values. Run 'dbt debug' to validate the connection.
[0m14:11:01.105123 [debug] [MainThread]: Resource report: {"command_name": "init", "command_success": true, "command_wall_clock_time": 257.931, "process_user_time": 1.754715, "process_kernel_time": 0.227833, "process_mem_max_rss": "113368", "process_in_blocks": "48", "process_out_blocks": "80"}
[0m14:11:01.105911 [debug] [MainThread]: Command `dbt init` succeeded at 14:11:01.105751 after 257.93 seconds
[0m14:11:01.106391 [debug] [MainThread]: Sending event: {'category': 'dbt', 'action': 'invocation', 'label': 'end', 'context': [<snowplow_tracker.self_describing_json.SelfDescribingJson object at 0x772f959dfc50>, <snowplow_tracker.self_describing_json.SelfDescribingJson object at 0x772f96df7350>, <snowplow_tracker.self_describing_json.SelfDescribingJson object at 0x772f99a3f550>]}
[0m14:11:01.106899 [debug] [MainThread]: Flushing usage events
